2021-07-14 13:31:15,873~ERROR~WorkflowManager.getTaskResult. taskName task_one~module:workflowManager~function:workflowManager
2021-07-14 13:31:53,809~ERROR~WorkflowManager.getTaskResult. taskName task_one~module:workflowManager~function:workflowManager
2021-07-14 13:32:03,828~ERROR~workflowManager.getTaskStatus. there is no aggregator that handles task task_one~module:workflowManager~function:workflowManager
2021-07-14 13:32:03,829~ERROR~WorkflowManager.getTaskResult. taskName task_one~module:workflowManager~function:workflowManager
2021-07-14 13:32:03,830~ERROR~workflowManager.getTaskResult. there is no aggregator that handles task task_one~module:workflowManager~function:workflowManager
2021-07-14 13:34:05,332~ERROR~MessageTranslator initialized~module:messageTranslator~function:messageTranslator
2021-07-14 13:35:10,614~ERROR~MessageTranslator initialized~module:messageTranslator~function:messageTranslator
2021-07-14 13:36:54,715~ERROR~MessageTranslator.convertDart2Python 0.0019335746765136719 0 result_0 None~module:messageTranslator~function:messageTranslator
2021-07-14 13:36:54,717~ERROR~MessageTranslator.convertDart2Python 0.0019335746765136719 0 result_0 None~module:messageTranslator~function:messageTranslator
2021-07-14 13:36:54,718~ERROR~MessageTranslator.convertDart2Python 0.0019335746765136719 0 result_0 None~module:messageTranslator~function:messageTranslator
2021-07-14 13:36:54,719~ERROR~MessageTranslator.convertDart2Python 0.0003790855407714844 1 result_0 None~module:messageTranslator~function:messageTranslator
2021-07-14 13:36:54,720~ERROR~MessageTranslator.convertDart2Python 0.0003790855407714844 1 result_0 None~module:messageTranslator~function:messageTranslator
2021-07-14 13:36:54,721~ERROR~MessageTranslator.convertDart2Python 0.0003790855407714844 1 result_0 None~module:messageTranslator~function:messageTranslator
2021-07-14 13:37:15,740~ERROR~MessageTranslator.convertDart2Python 7.003958463668823 0 result_0 2result_1 10~module:messageTranslator~function:messageTranslator
2021-07-14 13:37:15,741~ERROR~MessageTranslator.convertDart2Python 9.00777816772461 1 result_0 This is a Error for testing~module:messageTranslator~function:messageTranslator
2021-07-14 13:37:15,742~ERROR~WorkflowManager.getTaskResult. taskName task_one~module:workflowManager~function:workflowManager
2021-07-14 13:37:15,743~ERROR~MessageTranslator.convertDart2Python 7.003958463668823 0 result_0 2result_1 10~module:messageTranslator~function:messageTranslator
2021-07-14 13:37:15,744~ERROR~MessageTranslator.convertDart2Python 7.003958463668823 0 result_0 2result_1 10~module:messageTranslator~function:messageTranslator
2021-07-14 13:37:15,745~ERROR~MessageTranslator.convertDart2Python 7.003958463668823 0 result_0 2result_1 10~module:messageTranslator~function:messageTranslator
2021-07-14 13:37:15,746~ERROR~MessageTranslator.convertDart2Python 9.00777816772461 1 result_0 This is a Error for testing~module:messageTranslator~function:messageTranslator
2021-07-14 13:37:15,747~ERROR~MessageTranslator.convertDart2Python 9.00777816772461 1 result_0 This is a Error for testing~module:messageTranslator~function:messageTranslator
2021-07-14 13:37:15,747~ERROR~MessageTranslator.convertDart2Python 9.00777816772461 1 result_0 This is a Error for testing~module:messageTranslator~function:messageTranslator
2021-07-14 13:37:25,758~ERROR~workflowManager.getTaskStatus. there is no aggregator that handles task task_one~module:workflowManager~function:workflowManager
2021-07-14 13:37:25,759~ERROR~WorkflowManager.getTaskResult. taskName task_one~module:workflowManager~function:workflowManager
2021-07-14 13:37:25,760~ERROR~workflowManager.getTaskResult. there is no aggregator that handles task task_one~module:workflowManager~function:workflowManager
2021-07-14 13:38:28,489~ERROR~WorkflowManager.getTaskResult. taskName task_one~module:workflowManager~function:workflowManager
2021-07-14 13:38:38,502~ERROR~workflowManager.getTaskStatus. there is no aggregator that handles task task_one~module:workflowManager~function:workflowManager
2021-07-14 13:38:38,503~ERROR~WorkflowManager.getTaskResult. taskName task_one~module:workflowManager~function:workflowManager
2021-07-14 13:38:38,504~ERROR~workflowManager.getTaskResult. there is no aggregator that handles task task_one~module:workflowManager~function:workflowManager
2021-07-15 10:08:20,833~ERROR~WorkflowManager.getTaskResult. taskName task_one~module:workflowManager~function:workflowManager
2021-07-15 10:08:30,845~ERROR~workflowManager.getTaskStatus. there is no aggregator that handles task task_one~module:workflowManager~function:workflowManager
2021-07-15 10:08:30,846~ERROR~WorkflowManager.getTaskResult. taskName task_one~module:workflowManager~function:workflowManager
2021-07-15 10:08:30,846~ERROR~workflowManager.getTaskResult. there is no aggregator that handles task task_one~module:workflowManager~function:workflowManager
2021-07-15 10:17:31,488~ERROR~WorkflowManager.getTaskResult. taskName task_one~module:workflowManager~function:workflowManager
2021-07-15 10:17:41,498~ERROR~workflowManager.getTaskStatus. there is no aggregator that handles task task_one~module:workflowManager~function:workflowManager
2021-07-15 10:17:41,498~ERROR~WorkflowManager.getTaskResult. taskName task_one~module:workflowManager~function:workflowManager
2021-07-15 10:17:41,499~ERROR~workflowManager.getTaskResult. there is no aggregator that handles task task_one~module:workflowManager~function:workflowManager
2021-07-15 10:19:15,761~ERROR~workflowManager.getTaskStatus. there is no aggregator that handles task task_one~module:workflowManager~function:workflowManager
2021-07-15 10:19:15,762~ERROR~workflowManager.getTaskResult. there is no aggregator that handles task task_one~module:workflowManager~function:workflowManager
2021-07-15 10:20:23,601~ERROR~workflowManager.getTaskStatus. there is no aggregator that handles task task_one~module:workflowManager~function:workflowManager
2021-07-15 10:20:23,602~ERROR~workflowManager.getTaskResult. there is no aggregator that handles task task_one~module:workflowManager~function:workflowManager
2021-07-15 10:34:28,985~ERROR~workflowManager.getTaskStatus. there is no aggregator that handles task task_one~module:workflowManager~function:workflowManager
2021-07-15 10:34:28,987~ERROR~workflowManager.getTaskResult. there is no aggregator that handles task task_one~module:workflowManager~function:workflowManager
2021-07-15 11:14:01,027~ERROR~workflowManager.getTaskStatus. there is no aggregator that handles task task_one~module:workflowManager~function:workflowManager
2021-07-15 11:14:01,028~ERROR~workflowManager.getTaskResult. there is no aggregator that handles task task_one~module:workflowManager~function:workflowManager
2021-07-15 11:16:24,781~ERROR~dart client initialized~module:dart~function:dart
2021-07-15 11:17:01,402~ERROR~dart client initialized~module:dart~function:dart
2021-07-15 11:17:14,747~ERROR~dart client initialized~module:dart~function:dart
2021-07-15 11:17:35,368~ERROR~dart client initialized~module:dart~function:dart
2021-07-15 11:17:53,082~ERROR~dart client initialized~module:dart~function:dart
2021-07-15 11:18:00,902~ERROR~dart client initialized~module:dart~function:dart
2021-07-15 11:18:09,873~ERROR~dart client initialized~module:dart~function:dart
2021-07-15 11:18:43,911~ERROR~workflowManager.getTaskStatus. there is no aggregator that handles task task_one~module:workflowManager~function:workflowManager
2021-07-15 11:18:43,912~ERROR~workflowManager.getTaskResult. there is no aggregator that handles task task_one~module:workflowManager~function:workflowManager
2021-07-15 11:19:10,297~ERROR~dart client initialized~module:dart~function:dart
2021-07-15 11:19:32,402~ERROR~dart client initialized~module:dart~function:dart
2021-07-15 11:20:06,442~ERROR~workflowManager.getTaskStatus. there is no aggregator that handles task task_one~module:workflowManager~function:workflowManager
2021-07-15 11:20:06,443~ERROR~workflowManager.getTaskResult. there is no aggregator that handles task task_one~module:workflowManager~function:workflowManager
2021-07-15 11:21:05,558~ERROR~dart client initialized~module:dart~function:dart
2021-07-15 11:21:39,601~ERROR~workflowManager.getTaskStatus. there is no aggregator that handles task task_one~module:workflowManager~function:workflowManager
2021-07-15 11:21:39,602~ERROR~workflowManager.getTaskResult. there is no aggregator that handles task task_one~module:workflowManager~function:workflowManager
2021-07-15 11:26:44,146~ERROR~workflowManager.getTaskStatus. there is no aggregator that handles task task_one~module:workflowManager~function:workflowManager
2021-07-15 11:26:44,147~ERROR~workflowManager.getTaskResult. there is no aggregator that handles task task_one~module:workflowManager~function:workflowManager
2021-07-15 11:28:00,418~ERROR~workflowManager.getTaskStatus. there is no aggregator that handles task task_one~module:workflowManager~function:workflowManager
2021-07-15 11:28:00,419~ERROR~workflowManager.getTaskResult. there is no aggregator that handles task task_one~module:workflowManager~function:workflowManager
2021-07-15 11:30:01,845~ERROR~workflowManager.getTaskStatus. there is no aggregator that handles task task_one~module:workflowManager~function:workflowManager
2021-07-15 11:30:01,846~ERROR~workflowManager.getTaskResult. there is no aggregator that handles task task_one~module:workflowManager~function:workflowManager
2021-07-15 11:31:04,668~ERROR~Client.add_workers {'self': <feddart.dart.Client object at 0x7f24cd4664a8>, 'hosts': ['client1'], 'workers_per_host': 1, 'worker_name': 'device_one', 'capabilities': [''], 'shm_size': 0, 'ssh': {}}~module:dart~function:dart
2021-07-15 11:31:04,673~ERROR~Client.add_workers {'self': <feddart.dart.Client object at 0x7f24cd4664a8>, 'hosts': ['client2'], 'workers_per_host': 1, 'worker_name': 'device_two', 'capabilities': [''], 'shm_size': 0, 'ssh': {}}~module:dart~function:dart
2021-07-15 11:31:38,713~ERROR~workflowManager.getTaskStatus. there is no aggregator that handles task task_one~module:workflowManager~function:workflowManager
2021-07-15 11:31:38,714~ERROR~workflowManager.getTaskResult. there is no aggregator that handles task task_one~module:workflowManager~function:workflowManager
2021-07-15 11:33:17,482~ERROR~workflowManager.getTaskStatus. there is no aggregator that handles task task_one~module:workflowManager~function:workflowManager
2021-07-15 11:33:17,483~ERROR~workflowManager.getTaskResult. there is no aggregator that handles task task_one~module:workflowManager~function:workflowManager
2021-07-15 11:36:03,710~ERROR~workflowManager.getTaskStatus. there is no aggregator that handles task task_one~module:workflowManager~function:workflowManager
2021-07-15 11:36:03,711~ERROR~workflowManager.getTaskResult. there is no aggregator that handles task task_one~module:workflowManager~function:workflowManager
2021-07-15 11:43:49,533~ERROR~Client.get_workers: [{'name': 'device_one', 'count': 1, 'capabilities': ''}]~module:dart~function:dart
2021-07-15 11:43:49,538~ERROR~Client.get_workers: [{'name': 'device_one', 'count': 1, 'capabilities': ''}, {'name': 'device_two', 'count': 1, 'capabilities': ''}]~module:dart~function:dart
2021-07-15 11:43:50,542~ERROR~Client.get_workers: [{'name': 'device_one', 'count': 1, 'capabilities': ''}, {'name': 'device_two', 'count': 1, 'capabilities': ''}]~module:dart~function:dart
2021-07-15 11:43:50,543~ERROR~Client.get_workers: [{'name': 'device_one', 'count': 1, 'capabilities': ''}, {'name': 'device_two', 'count': 1, 'capabilities': ''}]~module:dart~function:dart
2021-07-15 11:43:50,543~ERROR~Client.get_workers: [{'name': 'device_one', 'count': 1, 'capabilities': ''}, {'name': 'device_two', 'count': 1, 'capabilities': ''}]~module:dart~function:dart
2021-07-15 11:43:50,543~ERROR~Client.get_workers: [{'name': 'device_one', 'count': 1, 'capabilities': ''}, {'name': 'device_two', 'count': 1, 'capabilities': ''}]~module:dart~function:dart
2021-07-15 11:43:52,546~ERROR~Client.get_workers: [{'name': 'device_one', 'count': 1, 'capabilities': ''}, {'name': 'device_two', 'count': 1, 'capabilities': ''}]~module:dart~function:dart
2021-07-15 11:43:52,547~ERROR~Client.get_workers: [{'name': 'device_one', 'count': 1, 'capabilities': ''}, {'name': 'device_two', 'count': 1, 'capabilities': ''}]~module:dart~function:dart
2021-07-15 11:43:52,548~ERROR~Client.get_workers: [{'name': 'device_one', 'count': 1, 'capabilities': ''}, {'name': 'device_two', 'count': 1, 'capabilities': ''}]~module:dart~function:dart
2021-07-15 11:43:52,548~ERROR~Client.get_workers: [{'name': 'device_one', 'count': 1, 'capabilities': ''}, {'name': 'device_two', 'count': 1, 'capabilities': ''}]~module:dart~function:dart
2021-07-15 11:43:52,549~ERROR~Client.get_workers: [{'name': 'device_one', 'count': 1, 'capabilities': ''}, {'name': 'device_two', 'count': 1, 'capabilities': ''}]~module:dart~function:dart
2021-07-15 11:43:52,549~ERROR~Client.get_workers: [{'name': 'device_one', 'count': 1, 'capabilities': ''}, {'name': 'device_two', 'count': 1, 'capabilities': ''}]~module:dart~function:dart
2021-07-15 11:43:52,549~ERROR~Client.get_workers: [{'name': 'device_one', 'count': 1, 'capabilities': ''}, {'name': 'device_two', 'count': 1, 'capabilities': ''}]~module:dart~function:dart
2021-07-15 11:43:52,550~ERROR~Client.get_workers: [{'name': 'device_one', 'count': 1, 'capabilities': ''}, {'name': 'device_two', 'count': 1, 'capabilities': ''}]~module:dart~function:dart
2021-07-15 11:43:52,550~ERROR~Client.get_workers: [{'name': 'device_one', 'count': 1, 'capabilities': ''}, {'name': 'device_two', 'count': 1, 'capabilities': ''}]~module:dart~function:dart
2021-07-15 11:43:52,551~ERROR~Client.get_workers: [{'name': 'device_one', 'count': 1, 'capabilities': ''}, {'name': 'device_two', 'count': 1, 'capabilities': ''}]~module:dart~function:dart
2021-07-15 11:43:52,551~ERROR~Client.get_workers: [{'name': 'device_one', 'count': 1, 'capabilities': ''}, {'name': 'device_two', 'count': 1, 'capabilities': ''}]~module:dart~function:dart
2021-07-15 11:43:52,552~ERROR~Client.get_workers: [{'name': 'device_one', 'count': 1, 'capabilities': ''}, {'name': 'device_two', 'count': 1, 'capabilities': ''}]~module:dart~function:dart
2021-07-15 11:44:13,570~ERROR~Client.get_workers: [{'name': 'device_one', 'count': 1, 'capabilities': ''}, {'name': 'device_two', 'count': 1, 'capabilities': ''}]~module:dart~function:dart
2021-07-15 11:44:13,571~ERROR~Client.get_workers: [{'name': 'device_one', 'count': 1, 'capabilities': ''}, {'name': 'device_two', 'count': 1, 'capabilities': ''}]~module:dart~function:dart
2021-07-15 11:44:13,571~ERROR~Client.get_workers: [{'name': 'device_one', 'count': 1, 'capabilities': ''}, {'name': 'device_two', 'count': 1, 'capabilities': ''}]~module:dart~function:dart
2021-07-15 11:44:13,572~ERROR~Client.get_workers: [{'name': 'device_one', 'count': 1, 'capabilities': ''}, {'name': 'device_two', 'count': 1, 'capabilities': ''}]~module:dart~function:dart
2021-07-15 11:44:13,572~ERROR~Client.get_workers: [{'name': 'device_one', 'count': 1, 'capabilities': ''}, {'name': 'device_two', 'count': 1, 'capabilities': ''}]~module:dart~function:dart
2021-07-15 11:44:13,573~ERROR~Client.get_workers: [{'name': 'device_one', 'count': 1, 'capabilities': ''}, {'name': 'device_two', 'count': 1, 'capabilities': ''}]~module:dart~function:dart
2021-07-15 11:44:13,573~ERROR~Client.get_workers: [{'name': 'device_one', 'count': 1, 'capabilities': ''}, {'name': 'device_two', 'count': 1, 'capabilities': ''}]~module:dart~function:dart
2021-07-15 11:44:13,574~ERROR~Client.get_workers: [{'name': 'device_one', 'count': 1, 'capabilities': ''}, {'name': 'device_two', 'count': 1, 'capabilities': ''}]~module:dart~function:dart
2021-07-15 11:44:23,582~ERROR~workflowManager.getTaskStatus. there is no aggregator that handles task task_one~module:workflowManager~function:workflowManager
2021-07-15 11:44:23,582~ERROR~workflowManager.getTaskResult. there is no aggregator that handles task task_one~module:workflowManager~function:workflowManager
2021-07-15 11:45:03,434~ERROR~workflowManager.getTaskStatus. there is no aggregator that handles task task_one~module:workflowManager~function:workflowManager
2021-07-15 11:45:03,435~ERROR~workflowManager.getTaskResult. there is no aggregator that handles task task_one~module:workflowManager~function:workflowManager
2021-07-15 11:45:48,358~ERROR~workflowManager.getTaskStatus. there is no aggregator that handles task task_one~module:workflowManager~function:workflowManager
2021-07-15 11:45:48,360~ERROR~workflowManager.getTaskResult. there is no aggregator that handles task task_one~module:workflowManager~function:workflowManager
2021-07-15 11:54:47,994~ERROR~workflowManager.getTaskStatus. there is no aggregator that handles task task_one~module:workflowManager~function:workflowManager
2021-07-15 11:54:47,995~ERROR~workflowManager.getTaskResult. there is no aggregator that handles task task_one~module:workflowManager~function:workflowManager
2021-07-15 11:55:36,230~ERROR~workflowManager.getTaskStatus. there is no aggregator that handles task task_one~module:workflowManager~function:workflowManager
2021-07-15 11:55:36,231~ERROR~workflowManager.getTaskResult. there is no aggregator that handles task task_one~module:workflowManager~function:workflowManager
2021-07-15 11:56:40,425~ERROR~workflowManager.getTaskStatus. there is no aggregator that handles task task_one~module:workflowManager~function:workflowManager
2021-07-15 11:56:40,426~ERROR~workflowManager.getTaskResult. there is no aggregator that handles task task_one~module:workflowManager~function:workflowManager
2021-07-15 12:01:52,222~ERROR~workflowManager.getTaskStatus. there is no aggregator that handles task task_one~module:workflowManager~function:workflowManager
2021-07-15 12:01:52,223~ERROR~workflowManager.getTaskResult. there is no aggregator that handles task task_one~module:workflowManager~function:workflowManager
2021-07-15 12:01:59,922~INFO~Log Server initialized~module:logServer~function:logServer
2021-07-15 12:01:59,923~INFO~Workflow manager initiated~module:workflowManager~function:workflowManager
2021-07-15 12:01:59,925~INFO~dart client initialized~module:dart~function:dart
2021-07-15 12:01:59,925~INFO~DartRuntime initiated~module:dartRuntime~function:dartRuntime
2021-07-15 12:01:59,926~INFO~Selector initiated~module:selector~function:selector
2021-07-15 12:01:59,927~INFO~DeviceSingle device_one instantiated~module:deviceSingle~function:deviceSingle
2021-07-15 12:01:59,928~INFO~added job: hello_world_client init new #jobs: 1~module:dartRuntime~function:dartRuntime
2021-07-15 12:01:59,929~INFO~Client.getJob: init_task~module:dart~function:dart
2021-07-15 12:01:59,932~INFO~dartRuntime.addSingleDevice device_one registered~module:dartRuntime~function:dartRuntime
2021-07-15 12:01:59,932~INFO~DeviceSingle device_two instantiated~module:deviceSingle~function:deviceSingle
2021-07-15 12:01:59,933~INFO~Client.getJob: init_task~module:dart~function:dart
2021-07-15 12:01:59,935~INFO~dartRuntime.addSingleDevice device_two registered~module:dartRuntime~function:dartRuntime
2021-07-15 12:02:02,938~INFO~SpecificDeviceTask initiated~module:specificDeviceTask~function:specificDeviceTask
2021-07-15 12:02:02,939~INFO~requestTaskAcceptance~module:workflowManager~function:workflowManager
2021-07-15 12:02:02,939~INFO~Client.getJob: init_task~module:dart~function:dart
2021-07-15 12:02:02,940~INFO~Client.getJob: init_task~module:dart~function:dart
2021-07-15 12:02:02,941~INFO~Client.getJob: init_task~module:dart~function:dart
2021-07-15 12:02:02,941~INFO~Client.getJob: init_task~module:dart~function:dart
2021-07-15 12:02:02,942~INFO~Client.getJob: init_task~module:dart~function:dart
2021-07-15 12:02:02,942~INFO~Client.getJob: init_task~module:dart~function:dart
2021-07-15 12:02:02,942~INFO~Client.getJob: init_task~module:dart~function:dart
2021-07-15 12:02:02,943~INFO~Client.getJob: init_task~module:dart~function:dart
2021-07-15 12:02:02,943~INFO~selector. add task to queue~module:selector~function:selector
2021-07-15 12:02:02,944~INFO~DeviceHolder initiated~module:deviceHolder~function:deviceHolder
2021-07-15 12:02:02,944~INFO~DeviceHolder initiated~module:deviceHolder~function:deviceHolder
2021-07-15 12:02:02,944~INFO~Aggregator initiated~module:deviceAggregator~function:deviceAggregator
2021-07-15 12:02:02,945~INFO~max # devices in aggregator: 20~module:selector~function:selector
2021-07-15 12:02:02,945~INFO~added job: hello_world_client hello_world_2 new #jobs: 2~module:dartRuntime~function:dartRuntime
2021-07-15 12:02:02,946~INFO~Client.getJob: task_one~module:dart~function:dart
2021-07-15 12:02:18,958~INFO~task accepted~module:workflowManager~function:workflowManager
2021-07-15 12:02:23,962~INFO~Client.getJob: task_one~module:dart~function:dart
2021-07-15 12:02:23,963~INFO~Client.getJob: task_one~module:dart~function:dart
2021-07-15 12:02:23,963~INFO~WorkflowManager.getTaskResult. taskName task_one~module:workflowManager~function:workflowManager
2021-07-15 12:02:23,964~INFO~deviceAggregator.requestAggregation: collect results from devices~module:deviceAggregator~function:deviceAggregator
2021-07-15 12:02:23,964~INFO~Client.getJob: task_one~module:dart~function:dart
2021-07-15 12:02:23,964~INFO~Client.getJob: task_one~module:dart~function:dart
2021-07-15 12:02:23,965~INFO~Client.getJob: task_one~module:dart~function:dart
2021-07-15 12:02:23,965~INFO~Client.getJob: task_one~module:dart~function:dart
2021-07-15 12:02:23,966~INFO~Client.getJob: task_one~module:dart~function:dart
2021-07-15 12:02:23,966~INFO~Client.getJob: task_one~module:dart~function:dart
2021-07-15 12:02:23,967~INFO~Client.getJob: task_one~module:dart~function:dart
2021-07-15 12:02:23,967~INFO~Client.getJob: task_one~module:dart~function:dart
2021-07-15 12:02:23,967~INFO~stopTask. taskName task_one~module:workflowManager~function:workflowManager
2021-07-15 12:02:23,968~INFO~Client.getJob: task_one~module:dart~function:dart
2021-07-15 12:02:23,968~INFO~finished~module:hello_world_server~function:hello_world_server
2021-07-15 12:02:23,968~INFO~Result from device_one: {'result_0': 2, 'result_1': 10}~module:hello_world_server~function:hello_world_server
2021-07-15 12:02:23,969~INFO~Result from device_two: {'result_0': ValueError('This is a Error for testing')}~module:hello_world_server~function:hello_world_server
2021-07-15 12:02:33,978~ERROR~workflowManager.getTaskStatus. there is no aggregator that handles task task_one~module:workflowManager~function:workflowManager
2021-07-15 12:02:33,978~INFO~None~module:hello_world_server~function:hello_world_server
2021-07-15 12:02:33,979~INFO~WorkflowManager.getTaskResult. taskName task_one~module:workflowManager~function:workflowManager
2021-07-15 12:02:33,979~ERROR~workflowManager.getTaskResult. there is no aggregator that handles task task_one~module:workflowManager~function:workflowManager
2021-07-15 14:09:35,813~INFO~Log Server initialized~module:logServer~function:logServer
2021-07-15 14:09:35,813~INFO~Workflow manager initiated~module:workflowManager~function:workflowManager
2021-07-15 14:09:35,814~DEBUG~createInitTask. {'self': <feddart.workflowManager.WorkflowManager object at 0x7f9509523e80>, 'parameterDict': {'init_var': 'hello'}, 'model': None, 'hardwareRequirements': {}, 'filePath': 'hello_world_client', 'executeFunction': 'init', 'configFile': None}~module:workflowManager~function:workflowManager
2021-07-15 14:09:35,815~DEBUG~start feddart server, config: {'self': <feddart.workflowManager.WorkflowManager object at 0x7f9509523e80>, 'runtimeFile': '/home/muellersa/feddart/fed_dart/examples/serverFile.json', 'deviceFile': '/home/muellersa/feddart/fed_dart/examples/dummydeviceFile.json', 'maximal_numberDevices': 100}~module:workflowManager~function:workflowManager
2021-07-15 14:09:35,816~DEBUG~_maximalNumberOpenJobs 10~module:workflowManager~function:workflowManager
2021-07-15 14:09:35,817~INFO~dart client initialized~module:dart~function:dart
2021-07-15 14:09:35,817~INFO~DartRuntime initiated~module:dartRuntime~function:dartRuntime
2021-07-15 14:09:35,817~INFO~Selector initiated~module:selector~function:selector
2021-07-15 14:09:35,818~DEBUG~selector. set new initTask~module:selector~function:selector
2021-07-15 14:09:35,819~DEBUG~selector. send_initTask_to_newDevices. deviceList []~module:selector~function:selector
2021-07-15 14:09:35,820~DEBUG~addSingleDevice:deviceName device_one,ipAdress client1,port 2883,hardwareConfig None~module:selector~function:selector
2021-07-15 14:09:35,820~DEBUG~dartRuntime.addSingleDevice {'self': <feddart.dartRuntime.DartRuntime object at 0x7f950953b2e8>, 'deviceName': 'device_one', 'deviceIp': 'client1', 'port': 2883, 'hardwareConfig': None, 'initTask': <feddart.initTask.InitTask object at 0x7f9509523e48>}~module:dartRuntime~function:dartRuntime
2021-07-15 14:09:35,821~INFO~DeviceSingle device_one instantiated~module:deviceSingle~function:deviceSingle
2021-07-15 14:09:35,821~DEBUG~Client.add_worker {'self': <feddart.dart.Client object at 0x7f950953b358>, 'hosts': ['client1'], 'workers_per_host': 1, 'worker_name': 'device_one', 'capabilities': [''], 'shm_size': 0, 'ssh': {}}~module:dart~function:dart
2021-07-15 14:09:35,821~DEBUG~Client.get_job_status {'self': <feddart.dart.Client object at 0x7f950953b358>, 'jobName': 'init_task'}~module:dart~function:dart
2021-07-15 14:09:35,822~DEBUG~Client.add_job {'self': <feddart.dart.Client object at 0x7f950953b358>, 'name': 'init_task', 'module_path': 'hello_world_client', 'method': 'init'}~module:dart~function:dart
2021-07-15 14:09:35,822~INFO~added job: hello_world_client init new #jobs: 1~module:dartRuntime~function:dartRuntime
2021-07-15 14:09:35,822~DEBUG~broadcastTaskToDevices~module:dartRuntime~function:dartRuntime
2021-07-15 14:09:35,823~DEBUG~Client.get_workers {'self': <feddart.dart.Client object at 0x7f950953b358>}~module:dart~function:dart
2021-07-15 14:09:35,823~DEBUG~Client.get_workers: [{'name': 'device_one', 'count': 1, 'capabilities': ''}]~module:dart~function:dart
2021-07-15 14:09:35,824~DEBUG~MessageTranslator.convertPython2Dart  {'location': 'device_one', 'parameter': {'init_var': 'hello'}}~module:messageTranslator~function:messageTranslator
2021-07-15 14:09:35,824~DEBUG~Client.add_tasks {'self': <feddart.dart.Client object at 0x7f950953b358>, 'jobName': 'init_task', 'location_and_parameters': [{'location': 'device_one', 'parameter': "b'gAN9cQBYCAAAAGluaXRfdmFycQFYBQAAAGhlbGxvcQJzLg==\\n'"}]}~module:dart~function:dart
2021-07-15 14:09:35,825~INFO~Client.getJob: init_task~module:dart~function:dart
2021-07-15 14:09:35,829~INFO~dartRuntime.addSingleDevice device_one registered~module:dartRuntime~function:dartRuntime
2021-07-15 14:09:35,829~DEBUG~addSingleDevice:deviceName device_two,ipAdress client2,port 2883,hardwareConfig None~module:selector~function:selector
2021-07-15 14:09:35,830~DEBUG~dartRuntime.addSingleDevice {'self': <feddart.dartRuntime.DartRuntime object at 0x7f950953b2e8>, 'deviceName': 'device_two', 'deviceIp': 'client2', 'port': 2883, 'hardwareConfig': None, 'initTask': <feddart.initTask.InitTask object at 0x7f9509523e48>}~module:dartRuntime~function:dartRuntime
2021-07-15 14:09:35,830~INFO~DeviceSingle device_two instantiated~module:deviceSingle~function:deviceSingle
2021-07-15 14:09:35,830~DEBUG~Client.add_worker {'self': <feddart.dart.Client object at 0x7f950953b358>, 'hosts': ['client2'], 'workers_per_host': 1, 'worker_name': 'device_two', 'capabilities': [''], 'shm_size': 0, 'ssh': {}}~module:dart~function:dart
2021-07-15 14:09:35,830~DEBUG~Client.get_job_status {'self': <feddart.dart.Client object at 0x7f950953b358>, 'jobName': 'init_task'}~module:dart~function:dart
2021-07-15 14:09:35,831~DEBUG~broadcastTaskToDevices~module:dartRuntime~function:dartRuntime
2021-07-15 14:09:35,831~DEBUG~Client.get_workers {'self': <feddart.dart.Client object at 0x7f950953b358>}~module:dart~function:dart
2021-07-15 14:09:35,831~DEBUG~Client.get_workers: [{'name': 'device_one', 'count': 1, 'capabilities': ''}, {'name': 'device_two', 'count': 1, 'capabilities': ''}]~module:dart~function:dart
2021-07-15 14:09:35,832~DEBUG~MessageTranslator.convertPython2Dart  {'location': 'device_two', 'parameter': {'init_var': 'hello'}}~module:messageTranslator~function:messageTranslator
2021-07-15 14:09:35,832~DEBUG~Client.add_tasks {'self': <feddart.dart.Client object at 0x7f950953b358>, 'jobName': 'init_task', 'location_and_parameters': [{'location': 'device_two', 'parameter': "b'gAN9cQBYCAAAAGluaXRfdmFycQFYBQAAAGhlbGxvcQJzLg==\\n'"}]}~module:dart~function:dart
2021-07-15 14:09:35,832~INFO~Client.getJob: init_task~module:dart~function:dart
2021-07-15 14:09:35,835~INFO~dartRuntime.addSingleDevice device_two registered~module:dartRuntime~function:dartRuntime
2021-07-15 14:09:36,838~DEBUG~Client.get_workers {'self': <feddart.dart.Client object at 0x7f950953b358>}~module:dart~function:dart
2021-07-15 14:09:36,838~DEBUG~Client.get_workers: [{'name': 'device_one', 'count': 1, 'capabilities': ''}, {'name': 'device_two', 'count': 1, 'capabilities': ''}]~module:dart~function:dart
2021-07-15 14:09:36,839~DEBUG~selector. send_initTask_to_newDevices. deviceList [<feddart.deviceSingle.DeviceSingle object at 0x7f950953b518>, <feddart.deviceSingle.DeviceSingle object at 0x7f950953b5c0>]~module:selector~function:selector
2021-07-15 14:09:36,839~DEBUG~selector.deviceNames: ['device_one', 'device_two']~module:selector~function:selector
2021-07-15 14:09:36,840~DEBUG~Client.get_workers {'self': <feddart.dart.Client object at 0x7f950953b358>}~module:dart~function:dart
2021-07-15 14:09:36,840~DEBUG~Client.get_workers: [{'name': 'device_one', 'count': 1, 'capabilities': ''}, {'name': 'device_two', 'count': 1, 'capabilities': ''}]~module:dart~function:dart
2021-07-15 14:09:36,840~DEBUG~selector. send_initTask_to_newDevices. deviceList [<feddart.deviceSingle.DeviceSingle object at 0x7f950953b518>, <feddart.deviceSingle.DeviceSingle object at 0x7f950953b5c0>]~module:selector~function:selector
2021-07-15 14:09:36,841~DEBUG~getAllDeviceNames. deviceNames ['device_one', 'device_two']~module:workflowManager~function:workflowManager
2021-07-15 14:09:36,841~DEBUG~Client.get_workers {'self': <feddart.dart.Client object at 0x7f950953b358>}~module:dart~function:dart
2021-07-15 14:09:36,841~DEBUG~Client.get_workers: [{'name': 'device_one', 'count': 1, 'capabilities': ''}, {'name': 'device_two', 'count': 1, 'capabilities': ''}]~module:dart~function:dart
2021-07-15 14:09:36,842~DEBUG~selector. send_initTask_to_newDevices. deviceList [<feddart.deviceSingle.DeviceSingle object at 0x7f950953b518>, <feddart.deviceSingle.DeviceSingle object at 0x7f950953b5c0>]~module:selector~function:selector
2021-07-15 14:09:36,842~DEBUG~selector.deviceNames: ['device_one', 'device_two']~module:selector~function:selector
2021-07-15 14:09:36,842~DEBUG~Client.get_workers {'self': <feddart.dart.Client object at 0x7f950953b358>}~module:dart~function:dart
2021-07-15 14:09:36,843~DEBUG~Client.get_workers: [{'name': 'device_one', 'count': 1, 'capabilities': ''}, {'name': 'device_two', 'count': 1, 'capabilities': ''}]~module:dart~function:dart
2021-07-15 14:09:36,843~DEBUG~selector. send_initTask_to_newDevices. deviceList [<feddart.deviceSingle.DeviceSingle object at 0x7f950953b518>, <feddart.deviceSingle.DeviceSingle object at 0x7f950953b5c0>]~module:selector~function:selector
2021-07-15 14:09:38,845~INFO~SpecificDeviceTask initiated~module:specificDeviceTask~function:specificDeviceTask
2021-07-15 14:09:38,846~DEBUG~specificDeviceTask.checkConfig: {'self': <feddart.specificDeviceTask.SpecificDeviceTask object at 0x7f950953b278>, 'config': {'parameters': {'device_one': {'param1': 0, 'param2': 2}, 'device_two': {'param1': 1, 'param2': 3}}, 'hardwareRequirements': {}, 'model': None, 'taskName': 'task_one', 'filePath': 'hello_world_client'}, 'valid': False}~module:specificDeviceTask~function:specificDeviceTask
2021-07-15 14:09:38,847~INFO~requestTaskAcceptance~module:workflowManager~function:workflowManager
2021-07-15 14:09:38,847~DEBUG~{'self': <feddart.workflowManager.WorkflowManager object at 0x7f9509523e80>, 'task': <feddart.specificDeviceTask.SpecificDeviceTask object at 0x7f950953b278>}~module:workflowManager~function:workflowManager
2021-07-15 14:09:38,848~DEBUG~Client.get_workers {'self': <feddart.dart.Client object at 0x7f950953b358>}~module:dart~function:dart
2021-07-15 14:09:38,848~DEBUG~Client.get_workers: [{'name': 'device_one', 'count': 1, 'capabilities': ''}, {'name': 'device_two', 'count': 1, 'capabilities': ''}]~module:dart~function:dart
2021-07-15 14:09:38,848~DEBUG~selector. send_initTask_to_newDevices. deviceList [<feddart.deviceSingle.DeviceSingle object at 0x7f950953b518>, <feddart.deviceSingle.DeviceSingle object at 0x7f950953b5c0>]~module:selector~function:selector
2021-07-15 14:09:38,849~DEBUG~Client.get_workers {'self': <feddart.dart.Client object at 0x7f950953b358>}~module:dart~function:dart
2021-07-15 14:09:38,849~DEBUG~Client.get_workers: [{'name': 'device_one', 'count': 1, 'capabilities': ''}, {'name': 'device_two', 'count': 1, 'capabilities': ''}]~module:dart~function:dart
2021-07-15 14:09:38,850~DEBUG~Client.get_job_results {'self': <feddart.dart.Client object at 0x7f950953b358>, 'jobName': 'init_task', 'amount': 2, 'worker_regex': 'device_one.*'}~module:dart~function:dart
2021-07-15 14:09:38,850~INFO~Client.getJob: init_task~module:dart~function:dart
2021-07-15 14:09:38,851~DEBUG~MessageTranslator.convertDart2Python 0.0010120868682861328 0 result_0 None~module:messageTranslator~function:messageTranslator
2021-07-15 14:09:38,851~DEBUG~DartRuntime.get_TaskResult: {'self': <feddart.dartRuntime.DartRuntime object at 0x7f950953b2e8>, 'taskName': 'init_task', 'deviceName': 'device_one', 'maxNumberResults': 2, 'taskResult': {'results': [{'id': 0, 'job': 'init_task', 'host': 'client1', 'worker': 'device_one-client1', 'start_time': 1626350975.8279862, 'duration': 0.0010120868682861328, 'success': b'gAN9cQBYCAAAAHJlc3VsdF8wcQFOcy4=\n'}, {'id': 1, 'job': 'init_task', 'host': 'client2', 'worker': 'device_two-client2', 'start_time': 1626350975.8357577, 'duration': 0.0001308917999267578, 'success': b'gAN9cQBYCAAAAHJlc3VsdF8wcQFOcy4=\n'}], 'job': {'id': 'init_task', 'status': '1'}}, 'resultDevice': {'duration': 0.0010120868682861328, 'result': {'result_0': None}}, 'resultID': 0}~module:dartRuntime~function:dartRuntime
2021-07-15 14:09:38,852~DEBUG~Client.get_workers {'self': <feddart.dart.Client object at 0x7f950953b358>}~module:dart~function:dart
2021-07-15 14:09:38,852~DEBUG~Client.get_workers: [{'name': 'device_one', 'count': 1, 'capabilities': ''}, {'name': 'device_two', 'count': 1, 'capabilities': ''}]~module:dart~function:dart
2021-07-15 14:09:38,853~DEBUG~Client.get_job_results {'self': <feddart.dart.Client object at 0x7f950953b358>, 'jobName': 'init_task', 'amount': 2, 'worker_regex': 'device_one.*'}~module:dart~function:dart
2021-07-15 14:09:38,853~INFO~Client.getJob: init_task~module:dart~function:dart
2021-07-15 14:09:38,853~DEBUG~MessageTranslator.convertDart2Python 0.0010120868682861328 0 result_0 None~module:messageTranslator~function:messageTranslator
2021-07-15 14:09:38,854~DEBUG~DartRuntime.get_TaskResult: {'self': <feddart.dartRuntime.DartRuntime object at 0x7f950953b2e8>, 'taskName': 'init_task', 'deviceName': 'device_one', 'maxNumberResults': 2, 'taskResult': {'results': [{'id': 0, 'job': 'init_task', 'host': 'client1', 'worker': 'device_one-client1', 'start_time': 1626350975.8279862, 'duration': 0.0010120868682861328, 'success': b'gAN9cQBYCAAAAHJlc3VsdF8wcQFOcy4=\n'}, {'id': 1, 'job': 'init_task', 'host': 'client2', 'worker': 'device_two-client2', 'start_time': 1626350975.8357577, 'duration': 0.0001308917999267578, 'success': b'gAN9cQBYCAAAAHJlc3VsdF8wcQFOcy4=\n'}], 'job': {'id': 'init_task', 'status': '1'}}, 'resultDevice': {'duration': 0.0010120868682861328, 'result': {'result_0': None}}, 'resultID': 0}~module:dartRuntime~function:dartRuntime
2021-07-15 14:09:38,854~DEBUG~Client.get_workers {'self': <feddart.dart.Client object at 0x7f950953b358>}~module:dart~function:dart
2021-07-15 14:09:38,855~DEBUG~Client.get_workers: [{'name': 'device_one', 'count': 1, 'capabilities': ''}, {'name': 'device_two', 'count': 1, 'capabilities': ''}]~module:dart~function:dart
2021-07-15 14:09:38,855~DEBUG~Client.get_job_results {'self': <feddart.dart.Client object at 0x7f950953b358>, 'jobName': 'init_task', 'amount': 2, 'worker_regex': 'device_one.*'}~module:dart~function:dart
2021-07-15 14:09:38,855~INFO~Client.getJob: init_task~module:dart~function:dart
2021-07-15 14:09:38,856~DEBUG~MessageTranslator.convertDart2Python 0.0010120868682861328 0 result_0 None~module:messageTranslator~function:messageTranslator
2021-07-15 14:09:38,856~DEBUG~DartRuntime.get_TaskResult: {'self': <feddart.dartRuntime.DartRuntime object at 0x7f950953b2e8>, 'taskName': 'init_task', 'deviceName': 'device_one', 'maxNumberResults': 2, 'taskResult': {'results': [{'id': 0, 'job': 'init_task', 'host': 'client1', 'worker': 'device_one-client1', 'start_time': 1626350975.8279862, 'duration': 0.0010120868682861328, 'success': b'gAN9cQBYCAAAAHJlc3VsdF8wcQFOcy4=\n'}, {'id': 1, 'job': 'init_task', 'host': 'client2', 'worker': 'device_two-client2', 'start_time': 1626350975.8357577, 'duration': 0.0001308917999267578, 'success': b'gAN9cQBYCAAAAHJlc3VsdF8wcQFOcy4=\n'}], 'job': {'id': 'init_task', 'status': '1'}}, 'resultDevice': {'duration': 0.0010120868682861328, 'result': {'result_0': None}}, 'resultID': 0}~module:dartRuntime~function:dartRuntime
2021-07-15 14:09:38,857~DEBUG~Client.delete_job_result {'self': <feddart.dart.Client object at 0x7f950953b358>, 'jobName': 'init_task', 'resultID': 0}~module:dart~function:dart
2021-07-15 14:09:38,857~INFO~Client.getJob: init_task~module:dart~function:dart
2021-07-15 14:09:38,857~DEBUG~Client.get_workers {'self': <feddart.dart.Client object at 0x7f950953b358>}~module:dart~function:dart
2021-07-15 14:09:38,858~DEBUG~Client.get_workers: [{'name': 'device_one', 'count': 1, 'capabilities': ''}, {'name': 'device_two', 'count': 1, 'capabilities': ''}]~module:dart~function:dart
2021-07-15 14:09:38,858~DEBUG~Client.get_job_results {'self': <feddart.dart.Client object at 0x7f950953b358>, 'jobName': 'init_task', 'amount': 2, 'worker_regex': 'device_two.*'}~module:dart~function:dart
2021-07-15 14:09:38,859~INFO~Client.getJob: init_task~module:dart~function:dart
2021-07-15 14:09:38,859~DEBUG~MessageTranslator.convertDart2Python 0.0001308917999267578 1 result_0 None~module:messageTranslator~function:messageTranslator
2021-07-15 14:09:38,859~DEBUG~DartRuntime.get_TaskResult: {'self': <feddart.dartRuntime.DartRuntime object at 0x7f950953b2e8>, 'taskName': 'init_task', 'deviceName': 'device_two', 'maxNumberResults': 2, 'taskResult': {'results': [{'id': 1, 'job': 'init_task', 'host': 'client2', 'worker': 'device_two-client2', 'start_time': 1626350975.8357577, 'duration': 0.0001308917999267578, 'success': b'gAN9cQBYCAAAAHJlc3VsdF8wcQFOcy4=\n'}], 'job': {'id': 'init_task', 'status': '1'}}, 'resultDevice': {'duration': 0.0001308917999267578, 'result': {'result_0': None}}, 'resultID': 1}~module:dartRuntime~function:dartRuntime
2021-07-15 14:09:38,860~DEBUG~Client.get_workers {'self': <feddart.dart.Client object at 0x7f950953b358>}~module:dart~function:dart
2021-07-15 14:09:38,860~DEBUG~Client.get_workers: [{'name': 'device_one', 'count': 1, 'capabilities': ''}, {'name': 'device_two', 'count': 1, 'capabilities': ''}]~module:dart~function:dart
2021-07-15 14:09:38,860~DEBUG~Client.get_job_results {'self': <feddart.dart.Client object at 0x7f950953b358>, 'jobName': 'init_task', 'amount': 2, 'worker_regex': 'device_two.*'}~module:dart~function:dart
2021-07-15 14:09:38,861~INFO~Client.getJob: init_task~module:dart~function:dart
2021-07-15 14:09:38,861~DEBUG~MessageTranslator.convertDart2Python 0.0001308917999267578 1 result_0 None~module:messageTranslator~function:messageTranslator
2021-07-15 14:09:38,861~DEBUG~DartRuntime.get_TaskResult: {'self': <feddart.dartRuntime.DartRuntime object at 0x7f950953b2e8>, 'taskName': 'init_task', 'deviceName': 'device_two', 'maxNumberResults': 2, 'taskResult': {'results': [{'id': 1, 'job': 'init_task', 'host': 'client2', 'worker': 'device_two-client2', 'start_time': 1626350975.8357577, 'duration': 0.0001308917999267578, 'success': b'gAN9cQBYCAAAAHJlc3VsdF8wcQFOcy4=\n'}], 'job': {'id': 'init_task', 'status': '1'}}, 'resultDevice': {'duration': 0.0001308917999267578, 'result': {'result_0': None}}, 'resultID': 1}~module:dartRuntime~function:dartRuntime
2021-07-15 14:09:38,862~DEBUG~Client.get_workers {'self': <feddart.dart.Client object at 0x7f950953b358>}~module:dart~function:dart
2021-07-15 14:09:38,862~DEBUG~Client.get_workers: [{'name': 'device_one', 'count': 1, 'capabilities': ''}, {'name': 'device_two', 'count': 1, 'capabilities': ''}]~module:dart~function:dart
2021-07-15 14:09:38,863~DEBUG~Client.get_job_results {'self': <feddart.dart.Client object at 0x7f950953b358>, 'jobName': 'init_task', 'amount': 2, 'worker_regex': 'device_two.*'}~module:dart~function:dart
2021-07-15 14:09:38,863~INFO~Client.getJob: init_task~module:dart~function:dart
2021-07-15 14:09:38,863~DEBUG~MessageTranslator.convertDart2Python 0.0001308917999267578 1 result_0 None~module:messageTranslator~function:messageTranslator
2021-07-15 14:09:38,864~DEBUG~DartRuntime.get_TaskResult: {'self': <feddart.dartRuntime.DartRuntime object at 0x7f950953b2e8>, 'taskName': 'init_task', 'deviceName': 'device_two', 'maxNumberResults': 2, 'taskResult': {'results': [{'id': 1, 'job': 'init_task', 'host': 'client2', 'worker': 'device_two-client2', 'start_time': 1626350975.8357577, 'duration': 0.0001308917999267578, 'success': b'gAN9cQBYCAAAAHJlc3VsdF8wcQFOcy4=\n'}], 'job': {'id': 'init_task', 'status': '1'}}, 'resultDevice': {'duration': 0.0001308917999267578, 'result': {'result_0': None}}, 'resultID': 1}~module:dartRuntime~function:dartRuntime
2021-07-15 14:09:38,864~DEBUG~Client.delete_job_result {'self': <feddart.dart.Client object at 0x7f950953b358>, 'jobName': 'init_task', 'resultID': 1}~module:dart~function:dart
2021-07-15 14:09:38,864~INFO~Client.getJob: init_task~module:dart~function:dart
2021-07-15 14:09:38,865~INFO~selector. add task to queue~module:selector~function:selector
2021-07-15 14:09:38,865~DEBUG~Client.get_workers {'self': <feddart.dart.Client object at 0x7f950953b358>}~module:dart~function:dart
2021-07-15 14:09:38,865~DEBUG~Client.get_workers: [{'name': 'device_one', 'count': 1, 'capabilities': ''}, {'name': 'device_two', 'count': 1, 'capabilities': ''}]~module:dart~function:dart
2021-07-15 14:09:38,866~DEBUG~selector. send_initTask_to_newDevices. deviceList [<feddart.deviceSingle.DeviceSingle object at 0x7f950953b518>, <feddart.deviceSingle.DeviceSingle object at 0x7f950953b5c0>]~module:selector~function:selector
2021-07-15 14:09:38,866~DEBUG~Client.get_workers {'self': <feddart.dart.Client object at 0x7f950953b358>}~module:dart~function:dart
2021-07-15 14:09:38,867~DEBUG~Client.get_workers: [{'name': 'device_one', 'count': 1, 'capabilities': ''}, {'name': 'device_two', 'count': 1, 'capabilities': ''}]~module:dart~function:dart
2021-07-15 14:09:38,867~DEBUG~selector. send_initTask_to_newDevices. deviceList [<feddart.deviceSingle.DeviceSingle object at 0x7f950953b518>, <feddart.deviceSingle.DeviceSingle object at 0x7f950953b5c0>]~module:selector~function:selector
2021-07-15 14:09:38,867~DEBUG~Client.get_workers {'self': <feddart.dart.Client object at 0x7f950953b358>}~module:dart~function:dart
2021-07-15 14:09:38,868~DEBUG~Client.get_workers: [{'name': 'device_one', 'count': 1, 'capabilities': ''}, {'name': 'device_two', 'count': 1, 'capabilities': ''}]~module:dart~function:dart
2021-07-15 14:09:38,868~DEBUG~selector. send_initTask_to_newDevices. deviceList [<feddart.deviceSingle.DeviceSingle object at 0x7f950953b518>, <feddart.deviceSingle.DeviceSingle object at 0x7f950953b5c0>]~module:selector~function:selector
2021-07-15 14:09:38,868~INFO~DeviceHolder initiated~module:deviceHolder~function:deviceHolder
2021-07-15 14:09:38,869~INFO~DeviceHolder initiated~module:deviceHolder~function:deviceHolder
2021-07-15 14:09:38,869~DEBUG~DeviceHolder.check_full: size 0 max size: 10~module:deviceHolder~function:deviceHolder
2021-07-15 14:09:38,869~DEBUG~DeviceHolder.check_full: size 0 max size: 10~module:deviceHolder~function:deviceHolder
2021-07-15 14:09:38,870~DEBUG~DeviceHolder: new device added {'self': <feddart.deviceHolder.DeviceHolder object at 0x7f950953b3c8>, 'newDevice': <feddart.deviceSingle.DeviceSingle object at 0x7f950953b518>, 'taskName': 'task_one', 'deviceParameterDict': {'param1': 0, 'param2': 2}}~module:deviceHolder~function:deviceHolder
2021-07-15 14:09:38,870~DEBUG~DeviceHolder.check_full: size 1 max size: 10~module:deviceHolder~function:deviceHolder
2021-07-15 14:09:38,870~DEBUG~DeviceHolder.check_full: size 1 max size: 10~module:deviceHolder~function:deviceHolder
2021-07-15 14:09:38,871~DEBUG~DeviceHolder: new device added {'self': <feddart.deviceHolder.DeviceHolder object at 0x7f950953b3c8>, 'newDevice': <feddart.deviceSingle.DeviceSingle object at 0x7f950953b5c0>, 'taskName': 'task_one', 'deviceParameterDict': {'param1': 1, 'param2': 3}}~module:deviceHolder~function:deviceHolder
2021-07-15 14:09:38,871~INFO~Aggregator initiated~module:deviceAggregator~function:deviceAggregator
2021-07-15 14:09:38,872~INFO~max # devices in aggregator: 20~module:selector~function:selector
2021-07-15 14:09:38,872~DEBUG~Selector.addAggregator: old 0~module:selector~function:selector
2021-07-15 14:09:38,872~DEBUG~Selector.addAggregator: new 1~module:selector~function:selector
2021-07-15 14:09:38,873~DEBUG~DeviceHolder.check_empty: 2~module:deviceHolder~function:deviceHolder
2021-07-15 14:09:38,873~DEBUG~DeviceHolder.check_empty: 2~module:deviceHolder~function:deviceHolder
2021-07-15 14:09:38,873~DEBUG~Client.get_job_status {'self': <feddart.dart.Client object at 0x7f950953b358>, 'jobName': 'task_one'}~module:dart~function:dart
2021-07-15 14:09:38,874~DEBUG~Client.add_job {'self': <feddart.dart.Client object at 0x7f950953b358>, 'name': 'task_one', 'module_path': 'hello_world_client', 'method': 'hello_world_2'}~module:dart~function:dart
2021-07-15 14:09:38,874~INFO~added job: hello_world_client hello_world_2 new #jobs: 2~module:dartRuntime~function:dartRuntime
2021-07-15 14:09:38,874~DEBUG~broadcastTaskToDevices~module:dartRuntime~function:dartRuntime
2021-07-15 14:09:38,875~DEBUG~Client.get_workers {'self': <feddart.dart.Client object at 0x7f950953b358>}~module:dart~function:dart
2021-07-15 14:09:38,875~DEBUG~Client.get_workers: [{'name': 'device_one', 'count': 1, 'capabilities': ''}, {'name': 'device_two', 'count': 1, 'capabilities': ''}]~module:dart~function:dart
2021-07-15 14:09:38,875~DEBUG~Client.get_workers {'self': <feddart.dart.Client object at 0x7f950953b358>}~module:dart~function:dart
2021-07-15 14:09:38,875~DEBUG~Client.get_workers: [{'name': 'device_one', 'count': 1, 'capabilities': ''}, {'name': 'device_two', 'count': 1, 'capabilities': ''}]~module:dart~function:dart
2021-07-15 14:09:38,876~DEBUG~MessageTranslator.convertPython2Dart  {'location': 'device_one', 'parameter': {'param1': 0, 'param2': 2}} {'location': 'device_two', 'parameter': {'param1': 1, 'param2': 3}}~module:messageTranslator~function:messageTranslator
2021-07-15 14:09:38,876~DEBUG~Client.add_tasks {'self': <feddart.dart.Client object at 0x7f950953b358>, 'jobName': 'task_one', 'location_and_parameters': [{'location': 'device_one', 'parameter': "b'gAN9cQAoWAYAAABwYXJhbTFxAUsAWAYAAABwYXJhbTJxAksCdS4=\\n'"}, {'location': 'device_two', 'parameter': "b'gAN9cQAoWAYAAABwYXJhbTFxAUsBWAYAAABwYXJhbTJxAksDdS4=\\n'"}]}~module:dart~function:dart
2021-07-15 14:09:38,876~INFO~Client.getJob: task_one~module:dart~function:dart
2021-07-15 14:09:54,894~DEBUG~DeviceHolder.check_empty: 0~module:deviceHolder~function:deviceHolder
2021-07-15 14:09:54,895~INFO~task accepted~module:workflowManager~function:workflowManager
2021-07-15 14:09:54,896~DEBUG~start task.{'self': <feddart.workflowManager.WorkflowManager object at 0x7f9509523e80>, 'taskType': 1, 'taskName': 'task_one', 'parameterDict': {'device_one': {'param1': 0, 'param2': 2}, 'device_two': {'param1': 1, 'param2': 3}}, 'model': None, 'hardwareRequirements': {}, 'filePath': 'hello_world_client', 'executeFunction': 'hello_world_2', 'configFile': None, 'priority': False, 'numDevices': -1, 'task': <feddart.specificDeviceTask.SpecificDeviceTask object at 0x7f950953b278>, 'request_status': True}~module:workflowManager~function:workflowManager
2021-07-15 14:09:59,902~DEBUG~getTaskStatus. task task_one~module:workflowManager~function:workflowManager
2021-07-15 14:09:59,903~DEBUG~Selector. get_aggregator_of_task: search aggregator for task task_one~module:selector~function:selector
2021-07-15 14:09:59,903~DEBUG~Selector.get_aggregator_of_task: aggregator for task_one identified~module:selector~function:selector
2021-07-15 14:09:59,903~DEBUG~Client.get_workers {'self': <feddart.dart.Client object at 0x7f950953b358>}~module:dart~function:dart
2021-07-15 14:09:59,904~DEBUG~Client.get_workers: [{'name': 'device_one', 'count': 1, 'capabilities': ''}, {'name': 'device_two', 'count': 1, 'capabilities': ''}]~module:dart~function:dart
2021-07-15 14:09:59,904~DEBUG~Client.get_job_results {'self': <feddart.dart.Client object at 0x7f950953b358>, 'jobName': 'task_one', 'amount': 2, 'worker_regex': 'device_one.*'}~module:dart~function:dart
2021-07-15 14:09:59,904~INFO~Client.getJob: task_one~module:dart~function:dart
2021-07-15 14:09:59,905~DEBUG~MessageTranslator.convertDart2Python 7.007267475128174 0 result_0 2result_1 10~module:messageTranslator~function:messageTranslator
2021-07-15 14:09:59,905~DEBUG~DartRuntime.get_TaskResult: {'self': <feddart.dartRuntime.DartRuntime object at 0x7f950953b2e8>, 'taskName': 'task_one', 'deviceName': 'device_one', 'maxNumberResults': 2, 'taskResult': {'results': [{'id': 0, 'job': 'task_one', 'host': 'client1', 'worker': 'device_one-client1', 'start_time': 1626350978.877656, 'duration': 7.007267475128174, 'success': b'gAN9cQAoWAgAAAByZXN1bHRfMHEBSwJYCAAAAHJlc3VsdF8xcQJLCnUu\n'}, {'id': 1, 'job': 'task_one', 'host': 'client2', 'worker': 'device_two-client2', 'start_time': 1626350985.8853807, 'duration': 9.009416103363037, 'success': b'gAN9cQBYCAAAAHJlc3VsdF8wcQFjZGlsbC5fZGlsbApfbG9hZF90eXBlCnECWAoAAABWYWx1ZUVycm9ycQOFcQRScQVYGwAAAFRoaXMgaXMgYSBFcnJvciBmb3IgdGVzdGluZ3EGhXEHUnEIcy4=\n'}], 'job': {'id': 'task_one', 'status': '1'}}, 'resultDevice': {'duration': 7.007267475128174, 'result': {'result_0': 2, 'result_1': 10}}, 'resultID': 0}~module:dartRuntime~function:dartRuntime
2021-07-15 14:09:59,905~DEBUG~Client.get_workers {'self': <feddart.dart.Client object at 0x7f950953b358>}~module:dart~function:dart
2021-07-15 14:09:59,906~DEBUG~Client.get_workers: [{'name': 'device_one', 'count': 1, 'capabilities': ''}, {'name': 'device_two', 'count': 1, 'capabilities': ''}]~module:dart~function:dart
2021-07-15 14:09:59,906~DEBUG~Client.get_job_results {'self': <feddart.dart.Client object at 0x7f950953b358>, 'jobName': 'task_one', 'amount': 2, 'worker_regex': 'device_two.*'}~module:dart~function:dart
2021-07-15 14:09:59,906~INFO~Client.getJob: task_one~module:dart~function:dart
2021-07-15 14:09:59,907~DEBUG~MessageTranslator.convertDart2Python 9.009416103363037 1 result_0 This is a Error for testing~module:messageTranslator~function:messageTranslator
2021-07-15 14:09:59,908~DEBUG~DartRuntime.get_TaskResult: {'self': <feddart.dartRuntime.DartRuntime object at 0x7f950953b2e8>, 'taskName': 'task_one', 'deviceName': 'device_two', 'maxNumberResults': 2, 'taskResult': {'results': [{'id': 0, 'job': 'task_one', 'host': 'client1', 'worker': 'device_one-client1', 'start_time': 1626350978.877656, 'duration': 7.007267475128174, 'success': b'gAN9cQAoWAgAAAByZXN1bHRfMHEBSwJYCAAAAHJlc3VsdF8xcQJLCnUu\n'}, {'id': 1, 'job': 'task_one', 'host': 'client2', 'worker': 'device_two-client2', 'start_time': 1626350985.8853807, 'duration': 9.009416103363037, 'success': b'gAN9cQBYCAAAAHJlc3VsdF8wcQFjZGlsbC5fZGlsbApfbG9hZF90eXBlCnECWAoAAABWYWx1ZUVycm9ycQOFcQRScQVYGwAAAFRoaXMgaXMgYSBFcnJvciBmb3IgdGVzdGluZ3EGhXEHUnEIcy4=\n'}], 'job': {'id': 'task_one', 'status': '1'}}, 'resultDevice': {'duration': 9.009416103363037, 'result': {'result_0': ValueError('This is a Error for testing')}}, 'resultID': 1}~module:dartRuntime~function:dartRuntime
2021-07-15 14:09:59,908~DEBUG~TaskStatus finished~module:workflowManager~function:workflowManager
2021-07-15 14:09:59,908~INFO~WorkflowManager.getTaskResult. taskName task_one~module:workflowManager~function:workflowManager
2021-07-15 14:09:59,909~DEBUG~Selector. get_aggregator_of_task: search aggregator for task task_one~module:selector~function:selector
2021-07-15 14:09:59,909~DEBUG~Selector.get_aggregator_of_task: aggregator for task_one identified~module:selector~function:selector
2021-07-15 14:09:59,909~INFO~deviceAggregator.requestAggregation: collect results from devices~module:deviceAggregator~function:deviceAggregator
2021-07-15 14:09:59,910~DEBUG~Client.get_workers {'self': <feddart.dart.Client object at 0x7f950953b358>}~module:dart~function:dart
2021-07-15 14:09:59,910~DEBUG~Client.get_workers: [{'name': 'device_one', 'count': 1, 'capabilities': ''}, {'name': 'device_two', 'count': 1, 'capabilities': ''}]~module:dart~function:dart
2021-07-15 14:09:59,910~DEBUG~Client.get_job_results {'self': <feddart.dart.Client object at 0x7f950953b358>, 'jobName': 'task_one', 'amount': 2, 'worker_regex': 'device_one.*'}~module:dart~function:dart
2021-07-15 14:09:59,911~INFO~Client.getJob: task_one~module:dart~function:dart
2021-07-15 14:09:59,911~DEBUG~MessageTranslator.convertDart2Python 7.007267475128174 0 result_0 2result_1 10~module:messageTranslator~function:messageTranslator
2021-07-15 14:09:59,911~DEBUG~DartRuntime.get_TaskResult: {'self': <feddart.dartRuntime.DartRuntime object at 0x7f950953b2e8>, 'taskName': 'task_one', 'deviceName': 'device_one', 'maxNumberResults': 2, 'taskResult': {'results': [{'id': 0, 'job': 'task_one', 'host': 'client1', 'worker': 'device_one-client1', 'start_time': 1626350978.877656, 'duration': 7.007267475128174, 'success': b'gAN9cQAoWAgAAAByZXN1bHRfMHEBSwJYCAAAAHJlc3VsdF8xcQJLCnUu\n'}, {'id': 1, 'job': 'task_one', 'host': 'client2', 'worker': 'device_two-client2', 'start_time': 1626350985.8853807, 'duration': 9.009416103363037, 'success': b'gAN9cQBYCAAAAHJlc3VsdF8wcQFjZGlsbC5fZGlsbApfbG9hZF90eXBlCnECWAoAAABWYWx1ZUVycm9ycQOFcQRScQVYGwAAAFRoaXMgaXMgYSBFcnJvciBmb3IgdGVzdGluZ3EGhXEHUnEIcy4=\n'}], 'job': {'id': 'task_one', 'status': '1'}}, 'resultDevice': {'duration': 7.007267475128174, 'result': {'result_0': 2, 'result_1': 10}}, 'resultID': 0}~module:dartRuntime~function:dartRuntime
2021-07-15 14:09:59,912~DEBUG~Client.get_workers {'self': <feddart.dart.Client object at 0x7f950953b358>}~module:dart~function:dart
2021-07-15 14:09:59,912~DEBUG~Client.get_workers: [{'name': 'device_one', 'count': 1, 'capabilities': ''}, {'name': 'device_two', 'count': 1, 'capabilities': ''}]~module:dart~function:dart
2021-07-15 14:09:59,912~DEBUG~Client.get_job_results {'self': <feddart.dart.Client object at 0x7f950953b358>, 'jobName': 'task_one', 'amount': 2, 'worker_regex': 'device_one.*'}~module:dart~function:dart
2021-07-15 14:09:59,912~INFO~Client.getJob: task_one~module:dart~function:dart
2021-07-15 14:09:59,913~DEBUG~MessageTranslator.convertDart2Python 7.007267475128174 0 result_0 2result_1 10~module:messageTranslator~function:messageTranslator
2021-07-15 14:09:59,913~DEBUG~DartRuntime.get_TaskResult: {'self': <feddart.dartRuntime.DartRuntime object at 0x7f950953b2e8>, 'taskName': 'task_one', 'deviceName': 'device_one', 'maxNumberResults': 2, 'taskResult': {'results': [{'id': 0, 'job': 'task_one', 'host': 'client1', 'worker': 'device_one-client1', 'start_time': 1626350978.877656, 'duration': 7.007267475128174, 'success': b'gAN9cQAoWAgAAAByZXN1bHRfMHEBSwJYCAAAAHJlc3VsdF8xcQJLCnUu\n'}, {'id': 1, 'job': 'task_one', 'host': 'client2', 'worker': 'device_two-client2', 'start_time': 1626350985.8853807, 'duration': 9.009416103363037, 'success': b'gAN9cQBYCAAAAHJlc3VsdF8wcQFjZGlsbC5fZGlsbApfbG9hZF90eXBlCnECWAoAAABWYWx1ZUVycm9ycQOFcQRScQVYGwAAAFRoaXMgaXMgYSBFcnJvciBmb3IgdGVzdGluZ3EGhXEHUnEIcy4=\n'}], 'job': {'id': 'task_one', 'status': '1'}}, 'resultDevice': {'duration': 7.007267475128174, 'result': {'result_0': 2, 'result_1': 10}}, 'resultID': 0}~module:dartRuntime~function:dartRuntime
2021-07-15 14:09:59,913~DEBUG~Client.get_workers {'self': <feddart.dart.Client object at 0x7f950953b358>}~module:dart~function:dart
2021-07-15 14:09:59,914~DEBUG~Client.get_workers: [{'name': 'device_one', 'count': 1, 'capabilities': ''}, {'name': 'device_two', 'count': 1, 'capabilities': ''}]~module:dart~function:dart
2021-07-15 14:09:59,914~DEBUG~Client.get_job_results {'self': <feddart.dart.Client object at 0x7f950953b358>, 'jobName': 'task_one', 'amount': 2, 'worker_regex': 'device_one.*'}~module:dart~function:dart
2021-07-15 14:09:59,914~INFO~Client.getJob: task_one~module:dart~function:dart
2021-07-15 14:09:59,915~DEBUG~MessageTranslator.convertDart2Python 7.007267475128174 0 result_0 2result_1 10~module:messageTranslator~function:messageTranslator
2021-07-15 14:09:59,915~DEBUG~DartRuntime.get_TaskResult: {'self': <feddart.dartRuntime.DartRuntime object at 0x7f950953b2e8>, 'taskName': 'task_one', 'deviceName': 'device_one', 'maxNumberResults': 2, 'taskResult': {'results': [{'id': 0, 'job': 'task_one', 'host': 'client1', 'worker': 'device_one-client1', 'start_time': 1626350978.877656, 'duration': 7.007267475128174, 'success': b'gAN9cQAoWAgAAAByZXN1bHRfMHEBSwJYCAAAAHJlc3VsdF8xcQJLCnUu\n'}, {'id': 1, 'job': 'task_one', 'host': 'client2', 'worker': 'device_two-client2', 'start_time': 1626350985.8853807, 'duration': 9.009416103363037, 'success': b'gAN9cQBYCAAAAHJlc3VsdF8wcQFjZGlsbC5fZGlsbApfbG9hZF90eXBlCnECWAoAAABWYWx1ZUVycm9ycQOFcQRScQVYGwAAAFRoaXMgaXMgYSBFcnJvciBmb3IgdGVzdGluZ3EGhXEHUnEIcy4=\n'}], 'job': {'id': 'task_one', 'status': '1'}}, 'resultDevice': {'duration': 7.007267475128174, 'result': {'result_0': 2, 'result_1': 10}}, 'resultID': 0}~module:dartRuntime~function:dartRuntime
2021-07-15 14:09:59,915~DEBUG~Client.delete_job_result {'self': <feddart.dart.Client object at 0x7f950953b358>, 'jobName': 'task_one', 'resultID': 0}~module:dart~function:dart
2021-07-15 14:09:59,916~INFO~Client.getJob: task_one~module:dart~function:dart
2021-07-15 14:09:59,916~DEBUG~Client.get_workers {'self': <feddart.dart.Client object at 0x7f950953b358>}~module:dart~function:dart
2021-07-15 14:09:59,916~DEBUG~Client.get_workers: [{'name': 'device_one', 'count': 1, 'capabilities': ''}, {'name': 'device_two', 'count': 1, 'capabilities': ''}]~module:dart~function:dart
2021-07-15 14:09:59,916~DEBUG~Client.get_job_results {'self': <feddart.dart.Client object at 0x7f950953b358>, 'jobName': 'task_one', 'amount': 2, 'worker_regex': 'device_two.*'}~module:dart~function:dart
2021-07-15 14:09:59,917~INFO~Client.getJob: task_one~module:dart~function:dart
2021-07-15 14:09:59,917~DEBUG~MessageTranslator.convertDart2Python 9.009416103363037 1 result_0 This is a Error for testing~module:messageTranslator~function:messageTranslator
2021-07-15 14:09:59,917~DEBUG~DartRuntime.get_TaskResult: {'self': <feddart.dartRuntime.DartRuntime object at 0x7f950953b2e8>, 'taskName': 'task_one', 'deviceName': 'device_two', 'maxNumberResults': 2, 'taskResult': {'results': [{'id': 1, 'job': 'task_one', 'host': 'client2', 'worker': 'device_two-client2', 'start_time': 1626350985.8853807, 'duration': 9.009416103363037, 'success': b'gAN9cQBYCAAAAHJlc3VsdF8wcQFjZGlsbC5fZGlsbApfbG9hZF90eXBlCnECWAoAAABWYWx1ZUVycm9ycQOFcQRScQVYGwAAAFRoaXMgaXMgYSBFcnJvciBmb3IgdGVzdGluZ3EGhXEHUnEIcy4=\n'}], 'job': {'id': 'task_one', 'status': '1'}}, 'resultDevice': {'duration': 9.009416103363037, 'result': {'result_0': ValueError('This is a Error for testing')}}, 'resultID': 1}~module:dartRuntime~function:dartRuntime
2021-07-15 14:09:59,918~DEBUG~Client.get_workers {'self': <feddart.dart.Client object at 0x7f950953b358>}~module:dart~function:dart
2021-07-15 14:09:59,918~DEBUG~Client.get_workers: [{'name': 'device_one', 'count': 1, 'capabilities': ''}, {'name': 'device_two', 'count': 1, 'capabilities': ''}]~module:dart~function:dart
2021-07-15 14:09:59,918~DEBUG~Client.get_job_results {'self': <feddart.dart.Client object at 0x7f950953b358>, 'jobName': 'task_one', 'amount': 2, 'worker_regex': 'device_two.*'}~module:dart~function:dart
2021-07-15 14:09:59,919~INFO~Client.getJob: task_one~module:dart~function:dart
2021-07-15 14:09:59,919~DEBUG~MessageTranslator.convertDart2Python 9.009416103363037 1 result_0 This is a Error for testing~module:messageTranslator~function:messageTranslator
2021-07-15 14:09:59,919~DEBUG~DartRuntime.get_TaskResult: {'self': <feddart.dartRuntime.DartRuntime object at 0x7f950953b2e8>, 'taskName': 'task_one', 'deviceName': 'device_two', 'maxNumberResults': 2, 'taskResult': {'results': [{'id': 1, 'job': 'task_one', 'host': 'client2', 'worker': 'device_two-client2', 'start_time': 1626350985.8853807, 'duration': 9.009416103363037, 'success': b'gAN9cQBYCAAAAHJlc3VsdF8wcQFjZGlsbC5fZGlsbApfbG9hZF90eXBlCnECWAoAAABWYWx1ZUVycm9ycQOFcQRScQVYGwAAAFRoaXMgaXMgYSBFcnJvciBmb3IgdGVzdGluZ3EGhXEHUnEIcy4=\n'}], 'job': {'id': 'task_one', 'status': '1'}}, 'resultDevice': {'duration': 9.009416103363037, 'result': {'result_0': ValueError('This is a Error for testing')}}, 'resultID': 1}~module:dartRuntime~function:dartRuntime
2021-07-15 14:09:59,919~DEBUG~Client.get_workers {'self': <feddart.dart.Client object at 0x7f950953b358>}~module:dart~function:dart
2021-07-15 14:09:59,920~DEBUG~Client.get_workers: [{'name': 'device_one', 'count': 1, 'capabilities': ''}, {'name': 'device_two', 'count': 1, 'capabilities': ''}]~module:dart~function:dart
2021-07-15 14:09:59,920~DEBUG~Client.get_job_results {'self': <feddart.dart.Client object at 0x7f950953b358>, 'jobName': 'task_one', 'amount': 2, 'worker_regex': 'device_two.*'}~module:dart~function:dart
2021-07-15 14:09:59,920~INFO~Client.getJob: task_one~module:dart~function:dart
2021-07-15 14:09:59,920~DEBUG~MessageTranslator.convertDart2Python 9.009416103363037 1 result_0 This is a Error for testing~module:messageTranslator~function:messageTranslator
2021-07-15 14:09:59,921~DEBUG~DartRuntime.get_TaskResult: {'self': <feddart.dartRuntime.DartRuntime object at 0x7f950953b2e8>, 'taskName': 'task_one', 'deviceName': 'device_two', 'maxNumberResults': 2, 'taskResult': {'results': [{'id': 1, 'job': 'task_one', 'host': 'client2', 'worker': 'device_two-client2', 'start_time': 1626350985.8853807, 'duration': 9.009416103363037, 'success': b'gAN9cQBYCAAAAHJlc3VsdF8wcQFjZGlsbC5fZGlsbApfbG9hZF90eXBlCnECWAoAAABWYWx1ZUVycm9ycQOFcQRScQVYGwAAAFRoaXMgaXMgYSBFcnJvciBmb3IgdGVzdGluZ3EGhXEHUnEIcy4=\n'}], 'job': {'id': 'task_one', 'status': '1'}}, 'resultDevice': {'duration': 9.009416103363037, 'result': {'result_0': ValueError('This is a Error for testing')}}, 'resultID': 1}~module:dartRuntime~function:dartRuntime
2021-07-15 14:09:59,921~DEBUG~Client.delete_job_result {'self': <feddart.dart.Client object at 0x7f950953b358>, 'jobName': 'task_one', 'resultID': 1}~module:dart~function:dart
2021-07-15 14:09:59,921~INFO~Client.getJob: task_one~module:dart~function:dart
2021-07-15 14:09:59,921~DEBUG~getTaskStatus. task task_one~module:workflowManager~function:workflowManager
2021-07-15 14:09:59,922~DEBUG~Selector. get_aggregator_of_task: search aggregator for task task_one~module:selector~function:selector
2021-07-15 14:09:59,922~DEBUG~Selector.get_aggregator_of_task: aggregator for task_one identified~module:selector~function:selector
2021-07-15 14:09:59,922~DEBUG~TaskStatus finished~module:workflowManager~function:workflowManager
2021-07-15 14:09:59,922~INFO~stopTask. taskName task_one~module:workflowManager~function:workflowManager
2021-07-15 14:09:59,923~DEBUG~Selector. get_aggregator_of_task: search aggregator for task task_one~module:selector~function:selector
2021-07-15 14:09:59,923~DEBUG~Selector.get_aggregator_of_task: aggregator for task_one identified~module:selector~function:selector
2021-07-15 14:09:59,923~DEBUG~DeviceHolder.check_empty: 2~module:deviceHolder~function:deviceHolder
2021-07-15 14:09:59,923~DEBUG~DeviceHolder.check_empty: 2~module:deviceHolder~function:deviceHolder
2021-07-15 14:09:59,924~DEBUG~DeviceHolder.stopTask task_one~module:deviceHolder~function:deviceHolder
2021-07-15 14:09:59,924~DEBUG~DeviceHolder.stopTask: Task is task_one not on device device_one~module:deviceHolder~function:deviceHolder
2021-07-15 14:09:59,924~DEBUG~DeviceHolder.stopTask: Task is task_one not on device device_two~module:deviceHolder~function:deviceHolder
2021-07-15 14:09:59,925~DEBUG~Client.stop_job {'self': <feddart.dart.Client object at 0x7f950953b358>, 'jobName': 'task_one'}~module:dart~function:dart
2021-07-15 14:09:59,925~INFO~Client.getJob: task_one~module:dart~function:dart
2021-07-15 14:09:59,925~DEBUG~stopTask task_one new #jobs: 1~module:dartRuntime~function:dartRuntime
2021-07-15 14:09:59,925~DEBUG~DeviceHolder.check_empty: 0~module:deviceHolder~function:deviceHolder
2021-07-15 14:09:59,926~INFO~finished~module:hello_world_server~function:hello_world_server
2021-07-15 14:09:59,926~INFO~Result from device_one: {'result_0': 2, 'result_1': 10}~module:hello_world_server~function:hello_world_server
2021-07-15 14:09:59,926~INFO~Result from device_two: {'result_0': ValueError('This is a Error for testing')}~module:hello_world_server~function:hello_world_server
2021-07-15 14:10:09,937~DEBUG~getTaskStatus. task task_one~module:workflowManager~function:workflowManager
2021-07-15 14:10:09,938~DEBUG~Selector. get_aggregator_of_task: search aggregator for task task_one~module:selector~function:selector
2021-07-15 14:10:09,938~ERROR~workflowManager.getTaskStatus. there is no aggregator that handles task task_one~module:workflowManager~function:workflowManager
2021-07-15 14:10:09,938~DEBUG~{'self': <feddart.workflowManager.WorkflowManager object at 0x7f9509523e80>, 'taskName': 'task_one'}~module:workflowManager~function:workflowManager
2021-07-15 14:10:09,939~INFO~None~module:hello_world_server~function:hello_world_server
2021-07-15 14:10:09,939~INFO~WorkflowManager.getTaskResult. taskName task_one~module:workflowManager~function:workflowManager
2021-07-15 14:10:09,939~DEBUG~Selector. get_aggregator_of_task: search aggregator for task task_one~module:selector~function:selector
2021-07-15 14:10:09,940~ERROR~workflowManager.getTaskResult. there is no aggregator that handles task task_one~module:workflowManager~function:workflowManager
2021-07-15 14:10:09,940~DEBUG~{'self': <feddart.workflowManager.WorkflowManager object at 0x7f9509523e80>, 'taskName': 'task_one'}~module:workflowManager~function:workflowManager
2021-07-15 14:34:16,674~ERROR~workflowManager.getTaskStatus. there is no aggregator that handles task task_one~module:workflowManager~function:workflowManager
2021-07-15 14:34:16,675~ERROR~workflowManager.getTaskResult. there is no aggregator that handles task task_one~module:workflowManager~function:workflowManager
2021-07-15 14:36:34,766~ERROR~workflowManager.getTaskStatus. there is no aggregator that handles task task_one~module:workflowManager~function:workflowManager
2021-07-15 14:36:34,767~ERROR~workflowManager.getTaskResult. there is no aggregator that handles task task_one~module:workflowManager~function:workflowManager
2021-07-15 14:37:33,979~ERROR~test 0~module:workflowManager~function:workflowManager
2021-07-15 14:38:08,028~ERROR~workflowManager.getTaskStatus. there is no aggregator that handles task task_one~module:workflowManager~function:workflowManager
2021-07-15 14:38:08,029~ERROR~workflowManager.getTaskResult. there is no aggregator that handles task task_one~module:workflowManager~function:workflowManager
2021-07-15 14:38:33,944~ERROR~test 1~module:workflowManager~function:workflowManager
2021-07-15 14:38:33,948~ERROR~Client.add_worker: could not add worker {'self': <feddart.dart.Client object at 0x7f4283e0d7f0>, 'hosts': ['client1'], 'workers_per_host': 1, 'worker_name': 'device_one', 'capabilities': [''], 'shm_size': 0, 'ssh': {}, 'host': 'client1', 'capability': '', 'worker': <feddart.dummydart.Worker object at 0x7f4283e0da58>}~module:dart~function:dart
2021-07-15 14:38:49,022~ERROR~test 0~module:workflowManager~function:workflowManager
2021-07-15 14:39:23,077~ERROR~workflowManager.getTaskStatus. there is no aggregator that handles task task_one~module:workflowManager~function:workflowManager
2021-07-15 14:39:23,078~ERROR~workflowManager.getTaskResult. there is no aggregator that handles task task_one~module:workflowManager~function:workflowManager
2021-07-15 14:42:18,126~ERROR~workflowManager.getTaskStatus. there is no aggregator that handles task task_one~module:workflowManager~function:workflowManager
2021-07-15 14:42:18,127~ERROR~workflowManager.getTaskResult. there is no aggregator that handles task task_one~module:workflowManager~function:workflowManager
2021-07-15 14:43:24,826~ERROR~workflowManager.getTaskStatus. there is no aggregator that handles task task_one~module:workflowManager~function:workflowManager
2021-07-15 14:43:24,827~ERROR~workflowManager.getTaskResult. there is no aggregator that handles task task_one~module:workflowManager~function:workflowManager
2021-07-15 14:44:02,415~ERROR~workflowManager.getTaskStatus. there is no aggregator that handles task task_one~module:workflowManager~function:workflowManager
2021-07-15 14:44:02,416~ERROR~workflowManager.getTaskResult. there is no aggregator that handles task task_one~module:workflowManager~function:workflowManager
2021-07-15 14:44:44,662~ERROR~workflowManager.getTaskStatus. there is no aggregator that handles task task_one~module:workflowManager~function:workflowManager
2021-07-15 14:44:44,663~ERROR~workflowManager.getTaskResult. there is no aggregator that handles task task_one~module:workflowManager~function:workflowManager
2021-07-15 14:46:24,654~ERROR~workflowManager.getTaskStatus. there is no aggregator that handles task task_one~module:workflowManager~function:workflowManager
2021-07-15 14:46:24,655~ERROR~workflowManager.getTaskResult. there is no aggregator that handles task task_one~module:workflowManager~function:workflowManager
2021-07-15 14:47:03,230~ERROR~workflowManager.getTaskStatus. there is no aggregator that handles task task_one~module:workflowManager~function:workflowManager
2021-07-15 14:47:03,231~ERROR~workflowManager.getTaskResult. there is no aggregator that handles task task_one~module:workflowManager~function:workflowManager
2021-07-15 14:48:46,921~ERROR~workflowManager.getTaskStatus. there is no aggregator that handles task task_one~module:workflowManager~function:workflowManager
2021-07-15 14:48:46,923~ERROR~workflowManager.getTaskResult. there is no aggregator that handles task task_one~module:workflowManager~function:workflowManager
2021-07-15 15:15:06,473~INFO~Log Server initialized~module:logServer~function:logServer
2021-07-15 15:15:06,474~INFO~Workflow manager initiated~module:workflowManager~function:workflowManager
2021-07-15 15:15:06,477~INFO~dart client initialized~module:dart~function:dart
2021-07-15 15:15:06,478~INFO~DartRuntime initiated~module:dartRuntime~function:dartRuntime
2021-07-15 15:15:06,478~INFO~Selector initiated~module:selector~function:selector
2021-07-15 15:15:06,480~INFO~DeviceSingle device_one instantiated~module:deviceSingle~function:deviceSingle
2021-07-15 15:15:06,481~INFO~added job: hello_world_client init new #jobs: 1~module:dartRuntime~function:dartRuntime
2021-07-15 15:15:06,482~INFO~Client.getJob: init_task~module:dart~function:dart
2021-07-15 15:15:06,487~INFO~dartRuntime.addSingleDevice device_one registered~module:dartRuntime~function:dartRuntime
2021-07-15 15:15:06,487~INFO~DeviceSingle device_two instantiated~module:deviceSingle~function:deviceSingle
2021-07-15 15:15:06,488~INFO~Client.getJob: init_task~module:dart~function:dart
2021-07-15 15:15:06,490~INFO~dartRuntime.addSingleDevice device_two registered~module:dartRuntime~function:dartRuntime
2021-07-15 15:15:09,494~INFO~SpecificDeviceTask initiated~module:specificDeviceTask~function:specificDeviceTask
2021-07-15 15:15:09,495~INFO~requestTaskAcceptance~module:workflowManager~function:workflowManager
2021-07-15 15:15:09,495~INFO~Client.getJob: init_task~module:dart~function:dart
2021-07-15 15:15:09,496~INFO~Client.getJob: init_task~module:dart~function:dart
2021-07-15 15:15:09,497~INFO~Client.getJob: init_task~module:dart~function:dart
2021-07-15 15:15:09,497~INFO~Client.getJob: init_task~module:dart~function:dart
2021-07-15 15:15:09,497~INFO~Client.getJob: init_task~module:dart~function:dart
2021-07-15 15:15:09,498~INFO~Client.getJob: init_task~module:dart~function:dart
2021-07-15 15:15:09,498~INFO~Client.getJob: init_task~module:dart~function:dart
2021-07-15 15:15:09,499~INFO~Client.getJob: init_task~module:dart~function:dart
2021-07-15 15:15:09,499~INFO~selector. add task to queue~module:selector~function:selector
2021-07-15 15:15:09,500~INFO~DeviceHolder initiated~module:deviceHolder~function:deviceHolder
2021-07-15 15:15:09,500~INFO~DeviceHolder initiated~module:deviceHolder~function:deviceHolder
2021-07-15 15:15:09,500~INFO~Aggregator initiated~module:deviceAggregator~function:deviceAggregator
2021-07-15 15:15:09,501~INFO~max # devices in aggregator: 20~module:selector~function:selector
2021-07-15 15:15:09,501~INFO~added job: hello_world_client hello_world_2 new #jobs: 2~module:dartRuntime~function:dartRuntime
2021-07-15 15:15:09,502~INFO~Client.getJob: task_one~module:dart~function:dart
2021-07-15 15:15:25,518~INFO~task accepted~module:workflowManager~function:workflowManager
2021-07-15 15:15:30,524~INFO~Client.getJob: task_one~module:dart~function:dart
2021-07-15 15:15:30,525~INFO~Client.getJob: task_one~module:dart~function:dart
2021-07-15 15:15:30,526~INFO~WorkflowManager.getTaskResult. taskName task_one~module:workflowManager~function:workflowManager
2021-07-15 15:15:30,527~INFO~deviceAggregator.requestAggregation: collect results from devices~module:deviceAggregator~function:deviceAggregator
2021-07-15 15:15:30,527~INFO~Client.getJob: task_one~module:dart~function:dart
2021-07-15 15:15:30,528~INFO~Client.getJob: task_one~module:dart~function:dart
2021-07-15 15:15:30,528~INFO~Client.getJob: task_one~module:dart~function:dart
2021-07-15 15:15:30,529~INFO~Client.getJob: task_one~module:dart~function:dart
2021-07-15 15:15:30,529~INFO~Client.getJob: task_one~module:dart~function:dart
2021-07-15 15:15:30,530~INFO~Client.getJob: task_one~module:dart~function:dart
2021-07-15 15:15:30,530~INFO~Client.getJob: task_one~module:dart~function:dart
2021-07-15 15:15:30,531~INFO~Client.getJob: task_one~module:dart~function:dart
2021-07-15 15:15:30,531~INFO~stopTask. taskName task_one~module:workflowManager~function:workflowManager
2021-07-15 15:15:30,532~INFO~Client.getJob: task_one~module:dart~function:dart
2021-07-15 15:15:30,532~INFO~finished~module:hello_world_server~function:hello_world_server
2021-07-15 15:15:30,532~INFO~Result from device_one: {'result_0': 2, 'result_1': 10}~module:hello_world_server~function:hello_world_server
2021-07-15 15:15:30,533~INFO~Result from device_two: {'result_0': ValueError('This is a Error for testing')}~module:hello_world_server~function:hello_world_server
2021-07-15 15:15:40,542~ERROR~workflowManager.getTaskStatus. there is no aggregator that handles task task_one~module:workflowManager~function:workflowManager
2021-07-15 15:15:40,543~INFO~None~module:hello_world_server~function:hello_world_server
2021-07-15 15:15:40,543~INFO~WorkflowManager.getTaskResult. taskName task_one~module:workflowManager~function:workflowManager
2021-07-15 15:15:40,544~ERROR~workflowManager.getTaskResult. there is no aggregator that handles task task_one~module:workflowManager~function:workflowManager
